{
  "RSpec": {
    "coverage": {
      "/Users/sbell/Documents/Projects/hfh-groceries/app/controllers/home_controller.rb": {
        "lines": [
          null,
          null,
          1,
          1,
          null
        ]
      },
      "/Users/sbell/Documents/Projects/hfh-groceries/app/controllers/application_controller.rb": {
        "lines": [
          null,
          null,
          1,
          null
        ]
      },
      "/Users/sbell/Documents/Projects/hfh-groceries/app/controllers/maps_controller.rb": {
        "lines": [
          null,
          null,
          1,
          null
        ]
      },
      "/Users/sbell/Documents/Projects/hfh-groceries/app/models/application_record.rb": {
        "lines": [
          null,
          null,
          0,
          0,
          0
        ],
        "branches": {
        }
      }
    },
    "timestamp": 1591038146
  }
}
